# JRE version: OpenJDK Runtime Environment (11.0.10) (build 11.0.10+0-b96-7249189)
# Java VM: OpenJDK 64-Bit Server VM (11.0.10+0-b96-7249189, mixed mode, tiered, compressed oops, g1 gc, windows-amd64)
Heap:
 garbage-first heap   total 163840K, used 127676K [0x0000000080000000, 0x0000000100000000)
  region size 1024K, 14 young (14336K), 3 survivors (3072K)
 Metaspace       used 114533K, capacity 117639K, committed 117964K, reserved 1150976K
  class space    used 14579K, capacity 15744K, committed 15820K, reserved 1048576K
GC Heap History (20 events):
Event: 1467.825 GC heap before
{Heap before GC invocations=109 (full 0):
 garbage-first heap   total 163840K, used 113377K [0x0000000080000000, 0x0000000100000000)
  region size 1024K, 26 young (26624K), 2 survivors (2048K)
 Metaspace       used 114157K, capacity 117322K, committed 117452K, reserved 1150976K
  class space    used 14575K, capacity 15738K, committed 15820K, reserved 1048576K
}
Event: 1467.837 GC heap after
{Heap after GC invocations=110 (full 0):
 garbage-first heap   total 163840K, used 100322K [0x0000000080000000, 0x0000000100000000)
  region size 1024K, 4 young (4096K), 4 survivors (4096K)
 Metaspace       used 114157K, capacity 117322K, committed 117452K, reserved 1150976K
  class space    used 14575K, capacity 15738K, committed 15820K, reserved 1048576K
}
Event: 1467.875 GC heap before
{Heap before GC invocations=110 (full 0):
 garbage-first heap   total 163840K, used 118754K [0x0000000080000000, 0x0000000100000000)
  region size 1024K, 8 young (8192K), 4 survivors (4096K)
 Metaspace       used 114165K, capacity 117322K, committed 117452K, reserved 1150976K
  class space    used 14575K, capacity 15738K, committed 15820K, reserved 1048576K
}
Event: 1467.884 GC heap after
{Heap after GC invocations=111 (full 0):
 garbage-first heap   total 163840K, used 97280K [0x0000000080000000, 0x0000000100000000)
  region size 1024K, 1 young (1024K), 1 survivors (1024K)
 Metaspace       used 114165K, capacity 117322K, committed 117452K, reserved 1150976K
  class space    used 14575K, capacity 15738K, committed 15820K, reserved 1048576K
}
Event: 1469.331 GC heap before
{Heap before GC invocations=111 (full 0):
 garbage-first heap   total 163840K, used 116736K [0x0000000080000000, 0x0000000100000000)
  region size 1024K, 21 young (21504K), 1 survivors (1024K)
 Metaspace       used 114205K, capacity 117337K, committed 117452K, reserved 1150976K
  class space    used 14576K, capacity 15740K, committed 15820K, reserved 1048576K
}
Event: 1469.340 GC heap after
{Heap after GC invocations=112 (full 0):
 garbage-first heap   total 163840K, used 100352K [0x0000000080000000, 0x0000000100000000)
  region size 1024K, 3 young (3072K), 3 survivors (3072K)
 Metaspace       used 114205K, capacity 117337K, committed 117452K, reserved 1150976K
  class space    used 14576K, capacity 15740K, committed 15820K, reserved 1048576K
}
Event: 1469.386 GC heap before
{Heap before GC invocations=112 (full 0):
 garbage-first heap   total 163840K, used 119808K [0x0000000080000000, 0x0000000100000000)
  region size 1024K, 23 young (23552K), 3 survivors (3072K)
 Metaspace       used 114210K, capacity 117337K, committed 117452K, reserved 1150976K
  class space    used 14576K, capacity 15740K, committed 15820K, reserved 1048576K
}
Event: 1469.393 GC heap after
{Heap after GC invocations=113 (full 0):
 garbage-first heap   total 163840K, used 102938K [0x0000000080000000, 0x0000000100000000)
  region size 1024K, 3 young (3072K), 3 survivors (3072K)
 Metaspace       used 114210K, capacity 117337K, committed 117452K, reserved 1150976K
  class space    used 14576K, capacity 15740K, committed 15820K, reserved 1048576K
}
Event: 1469.627 GC heap before
{Heap before GC invocations=114 (full 0):
 garbage-first heap   total 163840K, used 122394K [0x0000000080000000, 0x0000000100000000)
  region size 1024K, 23 young (23552K), 3 survivors (3072K)
 Metaspace       used 114252K, capacity 117353K, committed 117452K, reserved 1150976K
  class space    used 14578K, capacity 15742K, committed 15820K, reserved 1048576K
}
Event: 1469.630 GC heap after
{Heap after GC invocations=115 (full 0):
 garbage-first heap   total 163840K, used 102557K [0x0000000080000000, 0x0000000100000000)
  region size 1024K, 1 young (1024K), 1 survivors (1024K)
 Metaspace       used 114252K, capacity 117353K, committed 117452K, reserved 1150976K
  class space    used 14578K, capacity 15742K, committed 15820K, reserved 1048576K
}
Event: 1661.224 GC heap before
{Heap before GC invocations=115 (full 0):
 garbage-first heap   total 163840K, used 116893K [0x0000000080000000, 0x0000000100000000)
  region size 1024K, 8 young (8192K), 1 survivors (1024K)
 Metaspace       used 114263K, capacity 117417K, committed 117708K, reserved 1150976K
  class space    used 14578K, capacity 15742K, committed 15820K, reserved 1048576K
}
Event: 1661.236 GC heap after
{Heap after GC invocations=116 (full 0):
 garbage-first heap   total 163840K, used 97608K [0x0000000080000000, 0x0000000100000000)
  region size 1024K, 1 young (1024K), 1 survivors (1024K)
 Metaspace       used 114263K, capacity 117417K, committed 117708K, reserved 1150976K
  class space    used 14578K, capacity 15742K, committed 15820K, reserved 1048576K
}
Event: 1703.524 GC heap before
{Heap before GC invocations=116 (full 0):
 garbage-first heap   total 163840K, used 122184K [0x0000000080000000, 0x0000000100000000)
  region size 1024K, 26 young (26624K), 1 survivors (1024K)
 Metaspace       used 114378K, capacity 117495K, committed 117708K, reserved 1150976K
  class space    used 14579K, capacity 15743K, committed 15820K, reserved 1048576K
}
Event: 1703.532 GC heap after
{Heap after GC invocations=117 (full 0):
 garbage-first heap   total 163840K, used 100892K [0x0000000080000000, 0x0000000100000000)
  region size 1024K, 4 young (4096K), 4 survivors (4096K)
 Metaspace       used 114378K, capacity 117495K, committed 117708K, reserved 1150976K
  class space    used 14579K, capacity 15743K, committed 15820K, reserved 1048576K
}
Event: 1703.780 GC heap before
{Heap before GC invocations=118 (full 0):
 garbage-first heap   total 163840K, used 120348K [0x0000000080000000, 0x0000000100000000)
  region size 1024K, 29 young (29696K), 4 survivors (4096K)
 Metaspace       used 114431K, capacity 117501K, committed 117708K, reserved 1150976K
  class space    used 14579K, capacity 15744K, committed 15820K, reserved 1048576K
}
Event: 1703.792 GC heap after
{Heap after GC invocations=119 (full 0):
 garbage-first heap   total 163840K, used 105232K [0x0000000080000000, 0x0000000100000000)
  region size 1024K, 4 young (4096K), 4 survivors (4096K)
 Metaspace       used 114431K, capacity 117501K, committed 117708K, reserved 1150976K
  class space    used 14579K, capacity 15744K, committed 15820K, reserved 1048576K
}
Event: 1703.808 GC heap before
{Heap before GC invocations=119 (full 0):
 garbage-first heap   total 163840K, used 109328K [0x0000000080000000, 0x0000000100000000)
  region size 1024K, 8 young (8192K), 4 survivors (4096K)
 Metaspace       used 114432K, capacity 117565K, committed 117708K, reserved 1150976K
  class space    used 14579K, capacity 15744K, committed 15820K, reserved 1048576K
}
Event: 1703.819 GC heap after
{Heap after GC invocations=120 (full 0):
 garbage-first heap   total 163840K, used 99328K [0x0000000080000000, 0x0000000100000000)
  region size 1024K, 1 young (1024K), 1 survivors (1024K)
 Metaspace       used 114432K, capacity 117565K, committed 117708K, reserved 1150976K
  class space    used 14579K, capacity 15744K, committed 15820K, reserved 1048576K
}
Event: 1703.831 GC heap before
{Heap before GC invocations=120 (full 0):
 garbage-first heap   total 163840K, used 102400K [0x0000000080000000, 0x0000000100000000)
  region size 1024K, 5 young (5120K), 1 survivors (1024K)
 Metaspace       used 114437K, capacity 117565K, committed 117708K, reserved 1150976K
  class space    used 14579K, capacity 15744K, committed 15820K, reserved 1048576K
}
Event: 1703.837 GC heap after
{Heap after GC invocations=121 (full 0):
 garbage-first heap   total 163840K, used 103100K [0x0000000080000000, 0x0000000100000000)
  region size 1024K, 3 young (3072K), 3 survivors (3072K)
 Metaspace       used 114437K, capacity 117565K, committed 117708K, reserved 1150976K
  class space    used 14579K, capacity 15744K, committed 15820K, reserved 1048576K
}

